# JRE version: OpenJDK Runtime Environment (11.0.13) (build 11.0.13+0-b1751.21-8125866)
# Java VM: OpenJDK 64-Bit Server VM (11.0.13+0-b1751.21-8125866, mixed mode, tiered, compressed oops, g1 gc, windows-amd64)
Heap:
 garbage-first heap   total 324608K, used 146869K [0x0000000080000000, 0x0000000100000000)
  region size 1024K, 4 young (4096K), 4 survivors (4096K)
 Metaspace       used 100740K, capacity 103170K, committed 103936K, reserved 1138688K
  class space    used 12881K, capacity 13800K, committed 14080K, reserved 1048576K
GC Heap History (20 events):
Event: 52.592 GC heap after
{Heap after GC invocations=64 (full 0):
 garbage-first heap   total 138240K, used 107994K [0x0000000080000000, 0x0000000100000000)
  region size 1024K, 2 young (2048K), 2 survivors (2048K)
 Metaspace       used 96950K, capacity 99302K, committed 99584K, reserved 1136640K
  class space    used 12357K, capacity 13246K, committed 13312K, reserved 1048576K
}
Event: 52.664 GC heap before
{Heap before GC invocations=64 (full 0):
 garbage-first heap   total 138240K, used 118234K [0x0000000080000000, 0x0000000100000000)
  region size 1024K, 12 young (12288K), 2 survivors (2048K)
 Metaspace       used 96986K, capacity 99379K, committed 99584K, reserved 1136640K
  class space    used 12361K, capacity 13249K, committed 13312K, reserved 1048576K
}
Event: 52.671 GC heap after
{Heap after GC invocations=65 (full 0):
 garbage-first heap   total 165888K, used 110353K [0x0000000080000000, 0x0000000100000000)
  region size 1024K, 2 young (2048K), 2 survivors (2048K)
 Metaspace       used 96986K, capacity 99379K, committed 99584K, reserved 1136640K
  class space    used 12361K, capacity 13249K, committed 13312K, reserved 1048576K
}
Event: 53.198 GC heap before
{Heap before GC invocations=66 (full 0):
 garbage-first heap   total 165888K, used 133905K [0x0000000080000000, 0x0000000100000000)
  region size 1024K, 26 young (26624K), 2 survivors (2048K)
 Metaspace       used 98015K, capacity 100484K, committed 100608K, reserved 1136640K
  class space    used 12531K, capacity 13446K, committed 13568K, reserved 1048576K
}
Event: 53.220 GC heap after
{Heap after GC invocations=67 (full 0):
 garbage-first heap   total 165888K, used 114688K [0x0000000080000000, 0x0000000100000000)
  region size 1024K, 4 young (4096K), 4 survivors (4096K)
 Metaspace       used 98015K, capacity 100484K, committed 100608K, reserved 1136640K
  class space    used 12531K, capacity 13446K, committed 13568K, reserved 1048576K
}
Event: 53.489 GC heap before
{Heap before GC invocations=67 (full 0):
 garbage-first heap   total 165888K, used 136192K [0x0000000080000000, 0x0000000100000000)
  region size 1024K, 25 young (25600K), 4 survivors (4096K)
 Metaspace       used 98415K, capacity 100849K, committed 101120K, reserved 1136640K
  class space    used 12580K, capacity 13480K, committed 13568K, reserved 1048576K
}
Event: 53.504 GC heap after
{Heap after GC invocations=68 (full 0):
 garbage-first heap   total 165888K, used 119002K [0x0000000080000000, 0x0000000100000000)
  region size 1024K, 4 young (4096K), 4 survivors (4096K)
 Metaspace       used 98415K, capacity 100849K, committed 101120K, reserved 1136640K
  class space    used 12580K, capacity 13480K, committed 13568K, reserved 1048576K
}
Event: 53.801 GC heap before
{Heap before GC invocations=68 (full 0):
 garbage-first heap   total 165888K, used 137434K [0x0000000080000000, 0x0000000100000000)
  region size 1024K, 22 young (22528K), 4 survivors (4096K)
 Metaspace       used 99298K, capacity 101653K, committed 102016K, reserved 1138688K
  class space    used 12658K, capacity 13549K, committed 13696K, reserved 1048576K
}
Event: 53.814 GC heap after
{Heap after GC invocations=69 (full 0):
 garbage-first heap   total 165888K, used 122219K [0x0000000080000000, 0x0000000100000000)
  region size 1024K, 3 young (3072K), 3 survivors (3072K)
 Metaspace       used 99298K, capacity 101653K, committed 102016K, reserved 1138688K
  class space    used 12658K, capacity 13549K, committed 13696K, reserved 1048576K
}
Event: 54.033 GC heap before
{Heap before GC invocations=70 (full 0):
 garbage-first heap   total 165888K, used 138603K [0x0000000080000000, 0x0000000100000000)
  region size 1024K, 19 young (19456K), 3 survivors (3072K)
 Metaspace       used 100064K, capacity 102580K, committed 102656K, reserved 1138688K
  class space    used 12827K, capacity 13819K, committed 13824K, reserved 1048576K
}
Event: 54.045 GC heap after
{Heap after GC invocations=71 (full 0):
 garbage-first heap   total 165888K, used 125503K [0x0000000080000000, 0x0000000100000000)
  region size 1024K, 3 young (3072K), 3 survivors (3072K)
 Metaspace       used 100064K, capacity 102580K, committed 102656K, reserved 1138688K
  class space    used 12827K, capacity 13819K, committed 13824K, reserved 1048576K
}
Event: 54.054 GC heap before
{Heap before GC invocations=71 (full 0):
 garbage-first heap   total 165888K, used 130623K [0x0000000080000000, 0x0000000100000000)
  region size 1024K, 8 young (8192K), 3 survivors (3072K)
 Metaspace       used 100064K, capacity 102580K, committed 102656K, reserved 1138688K
  class space    used 12827K, capacity 13819K, committed 13824K, reserved 1048576K
}
Event: 54.065 GC heap after
{Heap after GC invocations=72 (full 0):
 garbage-first heap   total 199680K, used 126258K [0x0000000080000000, 0x0000000100000000)
  region size 1024K, 1 young (1024K), 1 survivors (1024K)
 Metaspace       used 100064K, capacity 102580K, committed 102656K, reserved 1138688K
  class space    used 12827K, capacity 13819K, committed 13824K, reserved 1048576K
}
Event: 54.123 GC heap before
{Heap before GC invocations=72 (full 0):
 garbage-first heap   total 199680K, used 152882K [0x0000000080000000, 0x0000000100000000)
  region size 1024K, 27 young (27648K), 1 survivors (1024K)
 Metaspace       used 100076K, capacity 102648K, committed 102656K, reserved 1138688K
  class space    used 12827K, capacity 13819K, committed 13824K, reserved 1048576K
}
Event: 54.138 GC heap after
{Heap after GC invocations=73 (full 0):
 garbage-first heap   total 199680K, used 131410K [0x0000000080000000, 0x0000000100000000)
  region size 1024K, 4 young (4096K), 4 survivors (4096K)
 Metaspace       used 100076K, capacity 102648K, committed 102656K, reserved 1138688K
  class space    used 12827K, capacity 13819K, committed 13824K, reserved 1048576K
}
Event: 54.235 GC heap before
{Heap before GC invocations=73 (full 0):
 garbage-first heap   total 199680K, used 157010K [0x0000000080000000, 0x0000000100000000)
  region size 1024K, 29 young (29696K), 4 survivors (4096K)
 Metaspace       used 100427K, capacity 103022K, committed 103296K, reserved 1138688K
  class space    used 12890K, capacity 13901K, committed 13952K, reserved 1048576K
}
Event: 54.250 GC heap after
{Heap after GC invocations=74 (full 0):
 garbage-first heap   total 199680K, used 136052K [0x0000000080000000, 0x0000000100000000)
  region size 1024K, 4 young (4096K), 4 survivors (4096K)
 Metaspace       used 100427K, capacity 103022K, committed 103296K, reserved 1138688K
  class space    used 12890K, capacity 13901K, committed 13952K, reserved 1048576K
}
Event: 54.335 GC heap before
{Heap before GC invocations=74 (full 0):
 garbage-first heap   total 199680K, used 160628K [0x0000000080000000, 0x0000000100000000)
  region size 1024K, 28 young (28672K), 4 survivors (4096K)
 Metaspace       used 100789K, capacity 103386K, committed 103680K, reserved 1138688K
  class space    used 12963K, capacity 13983K, committed 14080K, reserved 1048576K
}
Event: 54.351 GC heap after
{Heap after GC invocations=75 (full 0):
 garbage-first heap   total 199680K, used 140876K [0x0000000080000000, 0x0000000100000000)
  region size 1024K, 4 young (4096K), 4 survivors (4096K)
 Metaspace       used 100789K, capacity 103386K, committed 103680K, reserved 1138688K
  class space    used 12963K, capacity 13983K, committed 14080K, reserved 1048576K
}
Event: 54.628 GC heap before
{Heap before GC invocations=75 (full 0):
 garbage-first heap   total 199680K, used 164428K [0x0000000080000000, 0x0000000100000000)
  region size 1024K, 27 young (27648K), 4 survivors (4096K)
 Metaspace       used 100740K, capacity 103170K, committed 103936K, reserved 1138688K
  class space    used 12881K, capacity 13800K, committed 14080K, reserved 1048576K
}

