# JRE version: OpenJDK Runtime Environment (11.0.13) (build 11.0.13+0-b1751.21-8125866)
# Java VM: OpenJDK 64-Bit Server VM (11.0.13+0-b1751.21-8125866, mixed mode, tiered, compressed oops, g1 gc, windows-amd64)
Heap:
 garbage-first heap   total 217088K, used 167794K [0x0000000080000000, 0x0000000100000000)
  region size 1024K, 6 young (6144K), 3 survivors (3072K)
 Metaspace       used 111727K, capacity 114515K, committed 114736K, reserved 1148928K
  class space    used 14145K, capacity 15132K, committed 15232K, reserved 1048576K
GC Heap History (20 events):
Event: 32.106 GC heap before
{Heap before GC invocations=81 (full 0):
 garbage-first heap   total 217088K, used 181713K [0x0000000080000000, 0x0000000100000000)
  region size 1024K, 35 young (35840K), 3 survivors (3072K)
 Metaspace       used 96270K, capacity 98608K, committed 98864K, reserved 1134592K
  class space    used 12257K, capacity 13129K, committed 13184K, reserved 1048576K
}
Event: 32.115 GC heap after
{Heap after GC invocations=82 (full 0):
 garbage-first heap   total 217088K, used 152300K [0x0000000080000000, 0x0000000100000000)
  region size 1024K, 5 young (5120K), 5 survivors (5120K)
 Metaspace       used 96270K, capacity 98608K, committed 98864K, reserved 1134592K
  class space    used 12257K, capacity 13129K, committed 13184K, reserved 1048576K
}
Event: 32.640 GC heap before
{Heap before GC invocations=83 (full 0):
 garbage-first heap   total 217088K, used 183020K [0x0000000080000000, 0x0000000100000000)
  region size 1024K, 36 young (36864K), 5 survivors (5120K)
 Metaspace       used 97039K, capacity 99349K, committed 99504K, reserved 1136640K
  class space    used 12341K, capacity 13241K, committed 13312K, reserved 1048576K
}
Event: 32.652 GC heap after
{Heap after GC invocations=84 (full 0):
 garbage-first heap   total 217088K, used 153772K [0x0000000080000000, 0x0000000100000000)
  region size 1024K, 2 young (2048K), 2 survivors (2048K)
 Metaspace       used 97039K, capacity 99349K, committed 99504K, reserved 1136640K
  class space    used 12341K, capacity 13241K, committed 13312K, reserved 1048576K
}
Event: 33.108 GC heap before
{Heap before GC invocations=84 (full 0):
 garbage-first heap   total 217088K, used 184492K [0x0000000080000000, 0x0000000100000000)
  region size 1024K, 32 young (32768K), 2 survivors (2048K)
 Metaspace       used 99072K, capacity 101370K, committed 101552K, reserved 1136640K
  class space    used 12615K, capacity 13530K, committed 13568K, reserved 1048576K
}
Event: 33.113 GC heap after
{Heap after GC invocations=85 (full 0):
 garbage-first heap   total 217088K, used 153914K [0x0000000080000000, 0x0000000100000000)
  region size 1024K, 2 young (2048K), 2 survivors (2048K)
 Metaspace       used 99072K, capacity 101370K, committed 101552K, reserved 1136640K
  class space    used 12615K, capacity 13530K, committed 13568K, reserved 1048576K
}
Event: 33.406 GC heap before
{Heap before GC invocations=86 (full 0):
 garbage-first heap   total 217088K, used 185658K [0x0000000080000000, 0x0000000100000000)
  region size 1024K, 33 young (33792K), 2 survivors (2048K)
 Metaspace       used 101231K, capacity 103546K, committed 103600K, reserved 1138688K
  class space    used 12886K, capacity 13786K, committed 13824K, reserved 1048576K
}
Event: 33.412 GC heap after
{Heap after GC invocations=87 (full 0):
 garbage-first heap   total 217088K, used 155033K [0x0000000080000000, 0x0000000100000000)
  region size 1024K, 4 young (4096K), 4 survivors (4096K)
 Metaspace       used 101231K, capacity 103546K, committed 103600K, reserved 1138688K
  class space    used 12886K, capacity 13786K, committed 13824K, reserved 1048576K
}
Event: 34.084 GC heap before
{Heap before GC invocations=87 (full 0):
 garbage-first heap   total 217088K, used 184729K [0x0000000080000000, 0x0000000100000000)
  region size 1024K, 34 young (34816K), 4 survivors (4096K)
 Metaspace       used 102887K, capacity 105291K, committed 105392K, reserved 1140736K
  class space    used 13063K, capacity 13999K, committed 14080K, reserved 1048576K
}
Event: 34.096 GC heap after
{Heap after GC invocations=88 (full 0):
 garbage-first heap   total 217088K, used 157711K [0x0000000080000000, 0x0000000100000000)
  region size 1024K, 5 young (5120K), 5 survivors (5120K)
 Metaspace       used 102887K, capacity 105291K, committed 105392K, reserved 1140736K
  class space    used 13063K, capacity 13999K, committed 14080K, reserved 1048576K
}
Event: 35.180 GC heap before
{Heap before GC invocations=89 (full 0):
 garbage-first heap   total 217088K, used 187407K [0x0000000080000000, 0x0000000100000000)
  region size 1024K, 34 young (34816K), 5 survivors (5120K)
 Metaspace       used 105424K, capacity 107907K, committed 107952K, reserved 1142784K
  class space    used 13376K, capacity 14331K, committed 14336K, reserved 1048576K
}
Event: 35.197 GC heap after
{Heap after GC invocations=90 (full 0):
 garbage-first heap   total 217088K, used 160107K [0x0000000080000000, 0x0000000100000000)
  region size 1024K, 5 young (5120K), 5 survivors (5120K)
 Metaspace       used 105424K, capacity 107907K, committed 107952K, reserved 1142784K
  class space    used 13376K, capacity 14331K, committed 14336K, reserved 1048576K
}
Event: 41.984 GC heap before
{Heap before GC invocations=90 (full 0):
 garbage-first heap   total 217088K, used 186731K [0x0000000080000000, 0x0000000100000000)
  region size 1024K, 32 young (32768K), 5 survivors (5120K)
 Metaspace       used 108713K, capacity 111125K, committed 111408K, reserved 1146880K
  class space    used 13763K, capacity 14673K, committed 14720K, reserved 1048576K
}
Event: 42.005 GC heap after
{Heap after GC invocations=91 (full 0):
 garbage-first heap   total 217088K, used 161688K [0x0000000080000000, 0x0000000100000000)
  region size 1024K, 2 young (2048K), 2 survivors (2048K)
 Metaspace       used 108713K, capacity 111125K, committed 111408K, reserved 1146880K
  class space    used 13763K, capacity 14673K, committed 14720K, reserved 1048576K
}
Event: 44.082 GC heap before
{Heap before GC invocations=92 (full 0):
 garbage-first heap   total 217088K, used 187288K [0x0000000080000000, 0x0000000100000000)
  region size 1024K, 28 young (28672K), 2 survivors (2048K)
 Metaspace       used 109304K, capacity 111770K, committed 112048K, reserved 1146880K
  class space    used 13849K, capacity 14804K, committed 14848K, reserved 1048576K
}
Event: 44.089 GC heap after
{Heap after GC invocations=93 (full 0):
 garbage-first heap   total 217088K, used 162900K [0x0000000080000000, 0x0000000100000000)
  region size 1024K, 3 young (3072K), 3 survivors (3072K)
 Metaspace       used 109304K, capacity 111770K, committed 112048K, reserved 1146880K
  class space    used 13849K, capacity 14804K, committed 14848K, reserved 1048576K
}
Event: 44.254 GC heap before
{Heap before GC invocations=93 (full 0):
 garbage-first heap   total 217088K, used 188500K [0x0000000080000000, 0x0000000100000000)
  region size 1024K, 28 young (28672K), 3 survivors (3072K)
 Metaspace       used 109982K, capacity 112474K, committed 112688K, reserved 1146880K
  class space    used 13930K, capacity 14868K, committed 14976K, reserved 1048576K
}
Event: 44.262 GC heap after
{Heap after GC invocations=94 (full 0):
 garbage-first heap   total 217088K, used 163292K [0x0000000080000000, 0x0000000100000000)
  region size 1024K, 2 young (2048K), 2 survivors (2048K)
 Metaspace       used 109982K, capacity 112474K, committed 112688K, reserved 1146880K
  class space    used 13930K, capacity 14868K, committed 14976K, reserved 1048576K
}
Event: 181.277 GC heap before
{Heap before GC invocations=95 (full 0):
 garbage-first heap   total 217088K, used 188892K [0x0000000080000000, 0x0000000100000000)
  region size 1024K, 27 young (27648K), 2 survivors (2048K)
 Metaspace       used 111363K, capacity 114145K, committed 114352K, reserved 1148928K
  class space    used 14115K, capacity 15097K, committed 15104K, reserved 1048576K
}
Event: 181.310 GC heap after
{Heap after GC invocations=96 (full 0):
 garbage-first heap   total 217088K, used 164125K [0x0000000080000000, 0x0000000100000000)
  region size 1024K, 3 young (3072K), 3 survivors (3072K)
 Metaspace       used 111363K, capacity 114145K, committed 114352K, reserved 1148928K
  class space    used 14115K, capacity 15097K, committed 15104K, reserved 1048576K
}

