# JRE version: OpenJDK Runtime Environment (11.0.13) (build 11.0.13+0-b1751.21-8125866)
# Java VM: OpenJDK 64-Bit Server VM (11.0.13+0-b1751.21-8125866, mixed mode, tiered, compressed oops, g1 gc, windows-amd64)
Heap:
 garbage-first heap   total 172032K, used 121856K [0x0000000080000000, 0x0000000100000000)
  region size 1024K, 1 young (1024K), 1 survivors (1024K)
 Metaspace       used 98934K, capacity 101214K, committed 101340K, reserved 1136640K
  class space    used 12732K, capacity 13645K, committed 13728K, reserved 1048576K
GC Heap History (20 events):
Event: 49.126 GC heap after
{Heap after GC invocations=47 (full 0):
 garbage-first heap   total 143360K, used 104183K [0x0000000080000000, 0x0000000100000000)
  region size 1024K, 3 young (3072K), 3 survivors (3072K)
 Metaspace       used 95912K, capacity 97991K, committed 98268K, reserved 1134592K
  class space    used 12315K, capacity 13155K, committed 13216K, reserved 1048576K
}
Event: 49.242 GC heap before
{Heap before GC invocations=47 (full 0):
 garbage-first heap   total 143360K, used 121591K [0x0000000080000000, 0x0000000100000000)
  region size 1024K, 20 young (20480K), 3 survivors (3072K)
 Metaspace       used 96235K, capacity 98320K, committed 98524K, reserved 1134592K
  class space    used 12342K, capacity 13156K, committed 13216K, reserved 1048576K
}
Event: 49.254 GC heap after
{Heap after GC invocations=48 (full 0):
 garbage-first heap   total 143360K, used 108072K [0x0000000080000000, 0x0000000100000000)
  region size 1024K, 3 young (3072K), 3 survivors (3072K)
 Metaspace       used 96235K, capacity 98320K, committed 98524K, reserved 1134592K
  class space    used 12342K, capacity 13156K, committed 13216K, reserved 1048576K
}
Event: 49.628 GC heap before
{Heap before GC invocations=49 (full 0):
 garbage-first heap   total 143360K, used 122408K [0x0000000080000000, 0x0000000100000000)
  region size 1024K, 17 young (17408K), 3 survivors (3072K)
 Metaspace       used 97230K, capacity 99351K, committed 99548K, reserved 1136640K
  class space    used 12516K, capacity 13371K, committed 13472K, reserved 1048576K
}
Event: 49.639 GC heap after
{Heap after GC invocations=50 (full 0):
 garbage-first heap   total 143360K, used 111040K [0x0000000080000000, 0x0000000100000000)
  region size 1024K, 3 young (3072K), 3 survivors (3072K)
 Metaspace       used 97230K, capacity 99351K, committed 99548K, reserved 1136640K
  class space    used 12516K, capacity 13371K, committed 13472K, reserved 1048576K
}
Event: 49.746 GC heap before
{Heap before GC invocations=50 (full 0):
 garbage-first heap   total 143360K, used 122304K [0x0000000080000000, 0x0000000100000000)
  region size 1024K, 14 young (14336K), 3 survivors (3072K)
 Metaspace       used 97329K, capacity 99481K, committed 99804K, reserved 1136640K
  class space    used 12521K, capacity 13371K, committed 13472K, reserved 1048576K
}
Event: 49.757 GC heap after
{Heap after GC invocations=51 (full 0):
 garbage-first heap   total 143360K, used 113114K [0x0000000080000000, 0x0000000100000000)
  region size 1024K, 2 young (2048K), 2 survivors (2048K)
 Metaspace       used 97329K, capacity 99481K, committed 99804K, reserved 1136640K
  class space    used 12521K, capacity 13371K, committed 13472K, reserved 1048576K
}
Event: 49.841 GC heap before
{Heap before GC invocations=51 (full 0):
 garbage-first heap   total 143360K, used 123354K [0x0000000080000000, 0x0000000100000000)
  region size 1024K, 12 young (12288K), 2 survivors (2048K)
 Metaspace       used 97501K, capacity 99615K, committed 99804K, reserved 1136640K
  class space    used 12535K, capacity 13371K, committed 13472K, reserved 1048576K
}
Event: 49.848 GC heap after
{Heap after GC invocations=52 (full 0):
 garbage-first heap   total 143360K, used 115303K [0x0000000080000000, 0x0000000100000000)
  region size 1024K, 2 young (2048K), 2 survivors (2048K)
 Metaspace       used 97501K, capacity 99615K, committed 99804K, reserved 1136640K
  class space    used 12535K, capacity 13371K, committed 13472K, reserved 1048576K
}
Event: 49.965 GC heap before
{Heap before GC invocations=52 (full 0):
 garbage-first heap   total 143360K, used 123495K [0x0000000080000000, 0x0000000100000000)
  region size 1024K, 10 young (10240K), 2 survivors (2048K)
 Metaspace       used 97997K, capacity 100127K, committed 100316K, reserved 1136640K
  class space    used 12597K, capacity 13435K, committed 13472K, reserved 1048576K
}
Event: 49.971 GC heap after
{Heap after GC invocations=53 (full 0):
 garbage-first heap   total 143360K, used 116529K [0x0000000080000000, 0x0000000100000000)
  region size 1024K, 2 young (2048K), 2 survivors (2048K)
 Metaspace       used 97997K, capacity 100127K, committed 100316K, reserved 1136640K
  class space    used 12597K, capacity 13435K, committed 13472K, reserved 1048576K
}
Event: 50.176 GC heap before
{Heap before GC invocations=54 (full 0):
 garbage-first heap   total 143360K, used 122673K [0x0000000080000000, 0x0000000100000000)
  region size 1024K, 9 young (9216K), 2 survivors (2048K)
 Metaspace       used 98901K, capacity 101204K, committed 101340K, reserved 1136640K
  class space    used 12732K, capacity 13645K, committed 13728K, reserved 1048576K
}
Event: 50.181 GC heap after
{Heap after GC invocations=55 (full 0):
 garbage-first heap   total 143360K, used 117570K [0x0000000080000000, 0x0000000100000000)
  region size 1024K, 2 young (2048K), 2 survivors (2048K)
 Metaspace       used 98901K, capacity 101204K, committed 101340K, reserved 1136640K
  class space    used 12732K, capacity 13645K, committed 13728K, reserved 1048576K
}
Event: 50.196 GC heap before
{Heap before GC invocations=55 (full 0):
 garbage-first heap   total 143360K, used 122690K [0x0000000080000000, 0x0000000100000000)
  region size 1024K, 7 young (7168K), 2 survivors (2048K)
 Metaspace       used 98913K, capacity 101209K, committed 101340K, reserved 1136640K
  class space    used 12732K, capacity 13645K, committed 13728K, reserved 1048576K
}
Event: 50.202 GC heap after
{Heap after GC invocations=56 (full 0):
 garbage-first heap   total 143360K, used 117826K [0x0000000080000000, 0x0000000100000000)
  region size 1024K, 1 young (1024K), 1 survivors (1024K)
 Metaspace       used 98913K, capacity 101209K, committed 101340K, reserved 1136640K
  class space    used 12732K, capacity 13645K, committed 13728K, reserved 1048576K
}
Event: 50.222 GC heap before
{Heap before GC invocations=56 (full 0):
 garbage-first heap   total 143360K, used 124994K [0x0000000080000000, 0x0000000100000000)
  region size 1024K, 8 young (8192K), 1 survivors (1024K)
 Metaspace       used 98921K, capacity 101210K, committed 101340K, reserved 1136640K
  class space    used 12732K, capacity 13645K, committed 13728K, reserved 1048576K
}
Event: 50.227 GC heap after
{Heap after GC invocations=57 (full 0):
 garbage-first heap   total 143360K, used 119349K [0x0000000080000000, 0x0000000100000000)
  region size 1024K, 1 young (1024K), 1 survivors (1024K)
 Metaspace       used 98921K, capacity 101210K, committed 101340K, reserved 1136640K
  class space    used 12732K, capacity 13645K, committed 13728K, reserved 1048576K
}
Event: 50.247 GC heap before
{Heap before GC invocations=57 (full 0):
 garbage-first heap   total 143360K, used 125493K [0x0000000080000000, 0x0000000100000000)
  region size 1024K, 7 young (7168K), 1 survivors (1024K)
 Metaspace       used 98927K, capacity 101210K, committed 101340K, reserved 1136640K
  class space    used 12732K, capacity 13645K, committed 13728K, reserved 1048576K
}
Event: 50.253 GC heap after
{Heap after GC invocations=58 (full 0):
 garbage-first heap   total 143360K, used 120621K [0x0000000080000000, 0x0000000100000000)
  region size 1024K, 1 young (1024K), 1 survivors (1024K)
 Metaspace       used 98927K, capacity 101210K, committed 101340K, reserved 1136640K
  class space    used 12732K, capacity 13645K, committed 13728K, reserved 1048576K
}
Event: 50.286 GC heap before
{Heap before GC invocations=58 (full 0):
 garbage-first heap   total 143360K, used 126765K [0x0000000080000000, 0x0000000100000000)
  region size 1024K, 7 young (7168K), 1 survivors (1024K)
 Metaspace       used 98934K, capacity 101214K, committed 101340K, reserved 1136640K
  class space    used 12732K, capacity 13645K, committed 13728K, reserved 1048576K
}

